TN:
SF:api_test.js
FN:6,(anonymous_0)
FN:17,(anonymous_1)
FN:28,(anonymous_2)
FN:40,(anonymous_3)
FN:47,(anonymous_4)
FN:57,(anonymous_5)
FN:64,(anonymous_6)
FN:74,(anonymous_7)
FN:85,(anonymous_8)
FN:94,(anonymous_9)
FN:100,(anonymous_10)
FN:108,(anonymous_11)
FN:115,(anonymous_12)
FN:123,(anonymous_13)
FN:130,(anonymous_14)
FN:140,(anonymous_15)
FN:143,(anonymous_16)
FN:152,(anonymous_17)
FN:159,(anonymous_18)
FN:170,(anonymous_19)
FN:178,(anonymous_20)
FN:196,(anonymous_21)
FN:209,(anonymous_22)
FN:226,(anonymous_23)
FN:232,(anonymous_24)
FN:240,(anonymous_25)
FN:251,(anonymous_26)
FN:260,(anonymous_27)
FN:263,(anonymous_28)
FNF:29
FNH:29
FNDA:1,(anonymous_0)
FNDA:1,(anonymous_1)
FNDA:1,(anonymous_2)
FNDA:1,(anonymous_3)
FNDA:1,(anonymous_4)
FNDA:1,(anonymous_5)
FNDA:1,(anonymous_6)
FNDA:1,(anonymous_7)
FNDA:1,(anonymous_8)
FNDA:1,(anonymous_9)
FNDA:1,(anonymous_10)
FNDA:1,(anonymous_11)
FNDA:1,(anonymous_12)
FNDA:1,(anonymous_13)
FNDA:1,(anonymous_14)
FNDA:1,(anonymous_15)
FNDA:1,(anonymous_16)
FNDA:1,(anonymous_17)
FNDA:1,(anonymous_18)
FNDA:1,(anonymous_19)
FNDA:1,(anonymous_20)
FNDA:1,(anonymous_21)
FNDA:1,(anonymous_22)
FNDA:1,(anonymous_23)
FNDA:1,(anonymous_24)
FNDA:1,(anonymous_25)
FNDA:1,(anonymous_26)
FNDA:1,(anonymous_27)
FNDA:1,(anonymous_28)
DA:1,1
DA:2,1
DA:3,1
DA:4,1
DA:6,1
DA:8,1
DA:9,1
DA:10,1
DA:11,1
DA:17,1
DA:18,1
DA:29,1
DA:31,1
DA:32,1
DA:33,1
DA:34,1
DA:35,1
DA:40,1
DA:41,1
DA:48,1
DA:49,1
DA:50,1
DA:51,1
DA:52,1
DA:57,1
DA:58,1
DA:65,1
DA:66,1
DA:67,1
DA:74,1
DA:75,1
DA:87,1
DA:88,1
DA:89,1
DA:94,1
DA:95,1
DA:101,1
DA:102,1
DA:103,1
DA:108,1
DA:109,1
DA:116,1
DA:117,1
DA:118,1
DA:123,1
DA:124,1
DA:131,1
DA:132,1
DA:133,1
DA:140,1
DA:141,1
DA:144,1
DA:146,1
DA:147,1
DA:152,1
DA:153,1
DA:162,1
DA:163,1
DA:164,1
DA:165,1
DA:170,1
DA:171,1
DA:172,1
DA:173,1
DA:174,1
DA:176,1
DA:179,1
DA:186,1
DA:187,1
DA:188,1
DA:189,1
DA:196,1
DA:197,1
DA:205,1
DA:210,1
DA:211,1
DA:212,1
DA:213,1
DA:214,1
DA:215,1
DA:216,1
DA:217,1
DA:218,1
DA:219,1
DA:226,1
DA:227,1
DA:233,1
DA:234,1
DA:235,1
DA:240,1
DA:241,1
DA:252,1
DA:253,1
DA:254,1
DA:255,1
DA:260,1
DA:261,1
DA:264,1
DA:265,1
LF:99
LH:99
BRDA:29,0,0,0
BRDA:29,0,1,1
BRDA:162,1,0,0
BRDA:162,1,1,1
BRDA:179,2,0,0
BRDA:179,2,1,1
BRDA:210,3,0,0
BRDA:210,3,1,1
BRF:8
BRH:4
end_of_record
